<?xml version="1.0" encoding="UTF-8"?>
<testsuite name="com.zoe.web.MemberRepositoryTest" tests="1" skipped="0" failures="0" errors="0" timestamp="2024-10-04T04:25:10" hostname="Yebinui-MacBookPro.local" time="0.444">
  <properties/>
  <testcase name="testMember()" classname="com.zoe.web.MemberRepositoryTest" time="0.444"/>
  <system-out><![CDATA[13:25:07.733 [Test worker] INFO org.springframework.test.context.support.AnnotationConfigContextLoaderUtils -- Could not detect default configuration classes for test class [com.zoe.web.MemberRepositoryTest]: MemberRepositoryTest does not declare any static, non-private, non-final, nested classes annotated with @Configuration.
13:25:07.802 [Test worker] INFO org.springframework.boot.test.context.SpringBootTestContextBootstrapper -- Found @SpringBootConfiguration com.zoe.web.WebApplication for test class com.zoe.web.MemberRepositoryTest

  .   ____          _            __ _ _
 /\\ / ___'_ __ _ _(_)_ __  __ _ \ \ \ \
( ( )\___ | '_ | '_| | '_ \/ _` | \ \ \ \
 \\/  ___)| |_)| | | | | || (_| |  ) ) ) )
  '  |____| .__|_| |_|_| |_\__, | / / / /
 =========|_|==============|___/=/_/_/_/

 :: Spring Boot ::                (v3.3.4)

2024-10-04T13:25:08.067+09:00  INFO 62021 --- [    Test worker] com.zoe.web.MemberRepositoryTest         : Starting MemberRepositoryTest using Java 17.0.4.1 with PID 62021 (started by varm in /Volumes/DEV/web)
2024-10-04T13:25:08.068+09:00  INFO 62021 --- [    Test worker] com.zoe.web.MemberRepositoryTest         : No active profile set, falling back to 1 default profile: "default"
2024-10-04T13:25:08.874+09:00  INFO 62021 --- [    Test worker] .s.d.r.c.RepositoryConfigurationDelegate : Bootstrapping Spring Data JPA repositories in DEFAULT mode.
2024-10-04T13:25:08.890+09:00  INFO 62021 --- [    Test worker] .s.d.r.c.RepositoryConfigurationDelegate : Finished Spring Data repository scanning in 10 ms. Found 0 JPA repository interfaces.
2024-10-04T13:25:09.139+09:00  INFO 62021 --- [    Test worker] o.hibernate.jpa.internal.util.LogHelper  : HHH000204: Processing PersistenceUnitInfo [name: default]
2024-10-04T13:25:09.167+09:00  INFO 62021 --- [    Test worker] org.hibernate.Version                    : HHH000412: Hibernate ORM core version 6.5.3.Final
2024-10-04T13:25:09.185+09:00  INFO 62021 --- [    Test worker] o.h.c.internal.RegionFactoryInitiator    : HHH000026: Second-level cache disabled
2024-10-04T13:25:09.371+09:00  INFO 62021 --- [    Test worker] o.s.o.j.p.SpringPersistenceUnitInfo      : No LoadTimeWeaver setup: ignoring JPA class transformer
2024-10-04T13:25:09.389+09:00  INFO 62021 --- [    Test worker] com.zaxxer.hikari.HikariDataSource       : HikariPool-1 - Starting...
2024-10-04T13:25:09.434+09:00  INFO 62021 --- [    Test worker] com.zaxxer.hikari.pool.HikariPool        : HikariPool-1 - Added connection conn0: url=jdbc:h2:tcp://localhost/~/Volumes/DEV/web/src/h2 user=SA
2024-10-04T13:25:09.435+09:00  INFO 62021 --- [    Test worker] com.zaxxer.hikari.HikariDataSource       : HikariPool-1 - Start completed.
2024-10-04T13:25:09.449+09:00  WARN 62021 --- [    Test worker] org.hibernate.orm.deprecation            : HHH90000025: H2Dialect does not need to be specified explicitly using 'hibernate.dialect' (remove the property setting and it will be selected by default)
2024-10-04T13:25:09.945+09:00  INFO 62021 --- [    Test worker] o.h.e.t.j.p.i.JtaPlatformInitiator       : HHH000489: No JTA platform available (set 'hibernate.transaction.jta.platform' to enable JTA platform integration)
2024-10-04T13:25:09.948+09:00  INFO 62021 --- [    Test worker] j.LocalContainerEntityManagerFactoryBean : Initialized JPA EntityManagerFactory for persistence unit 'default'
2024-10-04T13:25:10.075+09:00  WARN 62021 --- [    Test worker] JpaBaseConfiguration$JpaWebConfiguration : spring.jpa.open-in-view is enabled by default. Therefore, database queries may be performed during view rendering. Explicitly configure spring.jpa.open-in-view to disable this warning
2024-10-04T13:25:10.336+09:00  INFO 62021 --- [    Test worker] o.s.b.a.h2.H2ConsoleAutoConfiguration    : H2 console available at '/h2-console'. Database available at 'jdbc:h2:tcp://localhost/~/Volumes/DEV/web/src/h2'
2024-10-04T13:25:10.382+09:00  INFO 62021 --- [    Test worker] com.zoe.web.MemberRepositoryTest         : Started MemberRepositoryTest in 2.489 seconds (process running for 3.222)
Hibernate: 
    insert 
    into
        member
        (username, id) 
    values
        (?, default)
]]></system-out>
  <system-err><![CDATA[]]></system-err>
</testsuite>
